TN:
SF:D:\ProjectAngular\angular7\clientes-app\src\polyfills.ts
FNF:0
FNH:0
DA:65,1
LF:1
LH:1
BRF:0
BRH:0
end_of_record
TN:
SF:D:\ProjectAngular\angular7\clientes-app\src\test.ts
FNF:0
FNH:0
DA:13,1
DA:18,1
DA:20,1
LF:3
LH:3
BRF:0
BRH:0
end_of_record
TN:
SF:D:\ProjectAngular\angular7\clientes-app\src\app\app.component.ts
FN:8,(anonymous_0)
FN:3,AppComponent
FNF:2
FNH:2
FNDA:1,(anonymous_0)
FNDA:2,AppComponent
DA:8,1
DA:9,2
DA:10,2
DA:11,2
DA:12,1
LF:5
LH:5
BRF:0
BRH:0
end_of_record
TN:
SF:D:\ProjectAngular\angular7\clientes-app\src\app\usuarios\usuario.ts
FN:1,(anonymous_0)
FN:1,Usuario
FNF:2
FNH:2
FNDA:1,(anonymous_0)
FNDA:4,Usuario
DA:1,1
DA:8,4
DA:9,1
LF:3
LH:3
BRF:0
BRH:0
end_of_record
TN:
SF:D:\ProjectAngular\angular7\clientes-app\src\app\usuarios\auth.service.ts
FN:9,(anonymous_0)
FN:14,AuthService
FN:16,(anonymous_2)
FN:26,(anonymous_3)
FN:36,(anonymous_4)
FN:54,(anonymous_5)
FN:65,(anonymous_6)
FN:70,(anonymous_7)
FN:78,(anonymous_8)
FN:86,(anonymous_9)
FN:94,(anonymous_10)
FNF:11
FNH:6
FNDA:1,(anonymous_0)
FNDA:11,AuthService
FNDA:0,(anonymous_2)
FNDA:4,(anonymous_3)
FNDA:0,(anonymous_4)
FNDA:1,(anonymous_5)
FNDA:0,(anonymous_6)
FNDA:4,(anonymous_7)
FNDA:3,(anonymous_8)
FNDA:0,(anonymous_9)
FNDA:0,(anonymous_10)
DA:9,1
DA:14,11
DA:16,1
DA:17,0
DA:18,0
DA:19,0
DA:20,0
DA:21,0
DA:23,0
DA:26,1
DA:27,4
DA:28,0
DA:29,4
DA:30,0
DA:31,0
DA:33,4
DA:36,1
DA:37,0
DA:39,0
DA:40,0
DA:41,0
DA:42,0
DA:44,0
DA:46,0
DA:51,0
DA:54,1
DA:55,1
DA:56,1
DA:57,1
DA:58,0
DA:59,0
DA:60,0
DA:61,0
DA:62,0
DA:65,1
DA:66,0
DA:67,0
DA:70,1
DA:71,4
DA:72,0
DA:74,4
DA:78,1
DA:79,3
DA:80,3
DA:81,0
DA:83,3
DA:86,1
DA:87,0
DA:88,0
DA:90,0
DA:91,0
DA:94,1
DA:95,0
DA:97,1
LF:54
LH:23
BRDA:17,1,0,0
BRDA:17,1,1,0
BRDA:19,2,0,0
BRDA:19,2,1,0
BRDA:19,3,0,0
BRDA:19,3,1,0
BRDA:27,4,0,0
BRDA:27,4,1,4
BRDA:29,5,0,0
BRDA:29,5,1,4
BRDA:29,6,0,4
BRDA:29,6,1,4
BRDA:71,7,0,0
BRDA:71,7,1,4
BRDA:80,8,0,0
BRDA:80,8,1,3
BRDA:80,9,0,3
BRDA:80,9,1,0
BRDA:80,9,2,0
BRF:19
BRH:7
end_of_record
TN:
SF:D:\ProjectAngular\angular7\clientes-app\src\app\header\header.component.ts
FN:12,(anonymous_0)
FN:15,HeaderComponent
FN:17,(anonymous_2)
FNF:3
FNH:2
FNDA:1,(anonymous_0)
FNDA:2,HeaderComponent
FNDA:0,(anonymous_2)
DA:12,1
DA:13,2
DA:15,2
DA:17,1
DA:18,0
DA:19,0
DA:20,0
DA:22,1
LF:8
LH:5
BRF:0
BRH:0
end_of_record
TN:
SF:D:\ProjectAngular\angular7\clientes-app\src\app\footer\footer.component.ts
FN:8,(anonymous_0)
FN:3,FooterComponent
FNF:2
FNH:2
FNDA:1,(anonymous_0)
FNDA:2,FooterComponent
DA:8,1
DA:9,2
DA:10,1
LF:3
LH:3
BRF:0
BRH:0
end_of_record
TN:
SF:D:\ProjectAngular\angular7\clientes-app\src\app\clientes\clientes.tson.ts
FNF:0
FNH:0
DA:3,1
LF:1
LH:1
BRF:0
BRH:0
end_of_record
TN:
SF:D:\ProjectAngular\angular7\clientes-app\src\app\clientes\cliente.service.ts
FN:15,(anonymous_0)
FN:21,ClienteService
FN:23,(anonymous_2)
FN:31,(anonymous_3)
FN:35,(anonymous_4)
FN:53,(anonymous_5)
FN:56,(anonymous_6)
FN:64,(anonymous_7)
FN:67,(anonymous_8)
FNF:9
FNH:5
FNDA:1,(anonymous_0)
FNDA:3,ClienteService
FNDA:1,(anonymous_2)
FNDA:0,(anonymous_3)
FNDA:0,(anonymous_4)
FNDA:1,(anonymous_5)
FNDA:0,(anonymous_6)
FNDA:1,(anonymous_7)
FNDA:0,(anonymous_8)
DA:15,1
DA:17,3
DA:19,3
DA:21,3
DA:23,1
DA:24,1
DA:25,1
DA:26,0
DA:28,1
DA:31,1
DA:32,0
DA:35,1
DA:36,0
DA:37,0
DA:38,0
DA:40,0
DA:41,0
DA:44,0
DA:45,0
DA:46,0
DA:47,0
DA:50,0
DA:53,1
DA:54,1
DA:57,0
DA:58,0
DA:64,1
DA:65,1
DA:68,0
DA:69,0
DA:74,1
LF:31
LH:15
BRDA:25,1,0,0
BRDA:25,1,1,1
BRDA:36,2,0,0
BRDA:36,2,1,0
BRDA:37,3,0,0
BRDA:37,3,1,0
BRDA:44,4,0,0
BRDA:44,4,1,0
BRF:8
BRH:1
end_of_record
TN:
SF:D:\ProjectAngular\angular7\clientes-app\src\app\clientes\clientes.component.ts
FN:10,(anonymous_0)
FN:13,ClientesComponent
FN:15,(anonymous_2)
FN:17,(anonymous_3)
FNF:4
FNH:3
FNDA:1,(anonymous_0)
FNDA:1,ClientesComponent
FNDA:1,(anonymous_2)
FNDA:0,(anonymous_3)
DA:10,1
DA:13,1
DA:15,1
DA:16,1
DA:17,0
DA:21,1
LF:6
LH:5
BRF:0
BRH:0
end_of_record
TN:
SF:D:\ProjectAngular\angular7\clientes-app\src\app\directiva\directiva.component.ts
FN:10,(anonymous_0)
FN:14,DirectivaComponent
FN:16,(anonymous_2)
FN:20,(anonymous_3)
FN:24,(anonymous_4)
FN:26,(anonymous_5)
FNF:6
FNH:4
FNDA:1,(anonymous_0)
FNDA:1,DirectivaComponent
FNDA:0,(anonymous_2)
FNDA:1,(anonymous_3)
FNDA:1,(anonymous_4)
FNDA:0,(anonymous_5)
DA:10,1
DA:12,1
DA:14,1
DA:16,1
DA:17,0
DA:20,1
DA:21,1
DA:24,1
DA:25,1
DA:26,0
DA:29,1
LF:11
LH:9
BRF:0
BRH:0
end_of_record
TN:
SF:D:\ProjectAngular\angular7\clientes-app\src\app\usuarios\guards\auth.guard.ts
FN:9,(anonymous_0)
FN:11,AuthGuard
FN:17,(anonymous_2)
FN:30,(anonymous_3)
FNF:4
FNH:2
FNDA:1,(anonymous_0)
FNDA:1,AuthGuard
FNDA:0,(anonymous_2)
FNDA:0,(anonymous_3)
DA:9,1
DA:11,1
DA:15,1
DA:18,0
DA:19,0
DA:20,0
DA:21,0
DA:22,0
DA:24,0
DA:26,0
DA:27,0
DA:30,1
DA:31,0
DA:32,0
DA:33,0
DA:35,0
DA:36,0
DA:38,0
DA:40,1
LF:19
LH:5
BRDA:18,1,0,0
BRDA:18,1,1,0
BRDA:19,2,0,0
BRDA:19,2,1,0
BRDA:35,3,0,0
BRDA:35,3,1,0
BRF:6
BRH:0
end_of_record
TN:
SF:D:\ProjectAngular\angular7\clientes-app\src\app\usuarios\guards\role.guard.ts
FN:10,(anonymous_0)
FN:12,RoleGuard
FN:18,(anonymous_2)
FN:33,(anonymous_3)
FNF:4
FNH:2
FNDA:1,(anonymous_0)
FNDA:1,RoleGuard
FNDA:0,(anonymous_2)
FNDA:0,(anonymous_3)
DA:10,1
DA:12,1
DA:16,1
DA:19,0
DA:20,0
DA:21,0
DA:24,0
DA:25,0
DA:26,0
DA:28,0
DA:29,0
DA:30,0
DA:33,1
DA:34,0
DA:35,0
DA:36,0
DA:38,0
DA:39,0
DA:41,0
DA:43,1
LF:20
LH:5
BRDA:19,1,0,0
BRDA:19,1,1,0
BRDA:19,2,0,0
BRDA:19,2,1,0
BRDA:25,3,0,0
BRDA:25,3,1,0
BRDA:38,4,0,0
BRDA:38,4,1,0
BRF:8
BRH:0
end_of_record
TN:
SF:D:\ProjectAngular\angular7\clientes-app\src\app\usuarios\login.component.ts
FN:12,(anonymous_0)
FN:17,LoginComponent
FN:21,(anonymous_2)
FN:28,(anonymous_3)
FN:35,(anonymous_4)
FN:44,(anonymous_5)
FNF:6
FNH:5
FNDA:1,(anonymous_0)
FNDA:3,LoginComponent
FNDA:3,(anonymous_2)
FNDA:2,(anonymous_3)
FNDA:1,(anonymous_4)
FNDA:0,(anonymous_5)
DA:12,1
DA:14,3
DA:17,3
DA:18,3
DA:21,1
DA:22,3
DA:23,0
DA:24,0
DA:28,2
DA:29,2
DA:30,1
DA:31,1
DA:34,1
DA:36,1
DA:37,0
DA:39,0
DA:41,0
DA:42,0
DA:45,0
DA:46,0
DA:51,1
LF:21
LH:13
BRDA:22,1,0,0
BRDA:22,1,1,3
BRDA:29,2,0,1
BRDA:29,2,1,1
BRDA:29,3,0,2
BRDA:29,3,1,1
BRDA:29,3,2,1
BRDA:29,3,3,1
BRDA:45,4,0,0
BRDA:45,4,1,0
BRF:10
BRH:7
end_of_record
